
--------------------------------------------------
TXLib соболезнует...

Программа: C:\Шлёнкин Матвей\Platformo\Platformo\bin\Debug\Platformo.exe, файл: c:\codeblocks\codeblocks\mingw\include\txlib.h, строка: 13722, функция: bool {anonymous}::TX::txBitBlt(HDC, double, double, double, double, HDC, double, double, unsigned int),

Сообщение: Параметр "sourceImage" неверен. Возможно, этот холст не создан, или уже уничтожен, или не загрузилась картинка.

#1: TXLib [Ver: 00173a, Rev: 173, Date: 2024-06-23 22:37:05 +0400], Instance: 0x005092FC (32-bit), Flags: CMdRe0, Thread: 0x34D4 (Main), GetLastError(): 13 (Недопустимые данные). 

--------------------------------------------------
Стек вызовов:



--------------------------------------------------
Стек вызовов TX:

# 0 in bool {anonymous}::TX::txBitBlt(HDC, double, double, double, double, HDC, double, double, unsigned int) at c:\codeblocks\codeblocks\mingw\include\txlib.h:13722:

  13720:     {
  13721: $1  if (_TX_HDC_FAILED (destImage))   return false;
=>13722: $   if (_TX_HDC_FAILED (sourceImage)) return false;
  13723: 
  13724: $   POINT size = txGetExtent (sourceImage);

# 1 in int main() at C:\Шлёнкин Матвей\Platformo\Platformo\main.cpp:194:

    192:       txClear();
    193:       txBegin();
=>  194:       txBitBlt(txDC(),0,0,1350,700,fon);
    195:       player1.draw();
    196:       if (gamelevel == 7)

--------------------------------------------------
Developed with:

The Dumb Artist Library (TX Library)
TXLib [Ver: 00173a, Rev: 173, Date: 2024-06-23 22:37:05 +0400]
Copyright (C) Ded (Ilya Dedinsky, http://txlib.ru) <mail@txlib.ru>
See license on: http://txlib.ru

TXLib file:	c:\codeblocks\codeblocks\mingw\include\txlib.h
Compiled:	Apr 17 2025 09:35:02, GNU g++ 4.8.1, std=201103L, MinGW Runtime 3.20, 32-bit, DEBUG
Started:	Apr 17 2025 09:35:25

Run file:	C:\Шлёнкин Матвей\Platformo\Platformo\bin\Debug\Platformo.exe
Directory:	C:\Шлёнкин Матвей\Platformo\Platformo

--------------------------------------------------

--------------------------------------------------
TXLib сообщает:

Программа: C:\Шлёнкин Матвей\Platformo\Platformo\bin\Debug\Platformo.exe, файл: c:\codeblocks\codeblocks\mingw\include\txlib.h, строка: 13772, функция: bool {anonymous}::TX::txTransparentBlt(HDC, double, double, double, double, HDC, double, double, COLORREF),

Сообщение: Прямоугольник копируемой области {50, 0, 300, 50} не полностью лежит внутри изображения-источника {0, 0, 250, 50}, функция txTransparentBlt() работать не будет.

#1: TXLib [Ver: 00173a, Rev: 173, Date: 2024-06-23 22:37:05 +0400], Instance: 0x005092FC (32-bit), Flags: CMdRe0, Thread: 0x2E0C (Main), GetLastError(): 13 (Недопустимые данные). 
From: c:\codeblocks\codeblocks\mingw\include\txlib.h:13771 bool {anonymous}::TX::txTransparentBlt(HDC, double, double, double, double, HDC, double, double, COLORREF).

--------------------------------------------------
Стек вызовов:



--------------------------------------------------
Стек вызовов TX:

# 0 in bool {anonymous}::TX::txTransparentBlt(HDC, double, double, double, double, HDC, double, double, COLORREF) at c:\codeblocks\codeblocks\mingw\include\txlib.h:13771:

  13769:         {
  13770: $       SetLastError (ERROR_INVALID_DATA);
=>13771: $       TX_ERROR ("Прямоугольник копируемой области {%g, %g, %g, %g} не полностью лежит внутри изображения-источника {%d, %d, %d, %d}, "
  13772:                   "функция txTransparentBlt() работать не будет.", xSource, ySource, xSource + width, ySource + height, 0, 0, (int) size.x, (int) size.y);
  13773:         }

# 1 in void Vrag1::draw() at C:\Шлёнкин Матвей\Platformo\Platformo\main.cpp:69:

     67: void draw()
     68:      {
=>   69:      txTransparentBlt(txDC(),x,y,w,h,image,50*n_cadr,0,TX_WHITE);
     70: 
     71:      }

--------------------------------------------------
Developed with:

The Dumb Artist Library (TX Library)
TXLib [Ver: 00173a, Rev: 173, Date: 2024-06-23 22:37:05 +0400]
Copyright (C) Ded (Ilya Dedinsky, http://txlib.ru) <mail@txlib.ru>
See license on: http://txlib.ru

TXLib file:	c:\codeblocks\codeblocks\mingw\include\txlib.h
Compiled:	Apr 17 2025 09:49:16, GNU g++ 4.8.1, std=201103L, MinGW Runtime 3.20, 32-bit, DEBUG
Started:	Apr 17 2025 09:49:35

Run file:	C:\Шлёнкин Матвей\Platformo\Platformo\bin\Debug\Platformo.exe
Directory:	C:\Шлёнкин Матвей\Platformo\Platformo

--------------------------------------------------

--------------------------------------------------
TXLib сообщает:

Программа: C:\Шлёнкин Матвей\Platformo\Platformo\bin\Debug\Platformo.exe, файл: c:\codeblocks\codeblocks\mingw\include\txlib.h, строка: 13772, функция: bool {anonymous}::TX::txTransparentBlt(HDC, double, double, double, double, HDC, double, double, COLORREF),

Сообщение: Прямоугольник копируемой области {50, 0, 300, 50} не полностью лежит внутри изображения-источника {0, 0, 250, 50}, функция txTransparentBlt() работать не будет.

#1: TXLib [Ver: 00173a, Rev: 173, Date: 2024-06-23 22:37:05 +0400], Instance: 0x005092FC (32-bit), Flags: CMdRe0, Thread: 0x32FC (Main), GetLastError(): 13 (Недопустимые данные). 
From: c:\codeblocks\codeblocks\mingw\include\txlib.h:13771 bool {anonymous}::TX::txTransparentBlt(HDC, double, double, double, double, HDC, double, double, COLORREF).

--------------------------------------------------
Стек вызовов:



--------------------------------------------------
Стек вызовов TX:

# 0 in bool {anonymous}::TX::txTransparentBlt(HDC, double, double, double, double, HDC, double, double, COLORREF) at c:\codeblocks\codeblocks\mingw\include\txlib.h:13771:

  13769:         {
  13770: $       SetLastError (ERROR_INVALID_DATA);
=>13771: $       TX_ERROR ("Прямоугольник копируемой области {%g, %g, %g, %g} не полностью лежит внутри изображения-источника {%d, %d, %d, %d}, "
  13772:                   "функция txTransparentBlt() работать не будет.", xSource, ySource, xSource + width, ySource + height, 0, 0, (int) size.x, (int) size.y);
  13773:         }

# 1 in void Vrag1::draw() at C:\Шлёнкин Матвей\Platformo\Platformo\main.cpp:69:

     67: void draw()
     68:      {
=>   69:      txTransparentBlt(txDC(),x,y,w,h,image,50*n_cadr,0,TX_WHITE);
     70: 
     71:      }

--------------------------------------------------
Developed with:

The Dumb Artist Library (TX Library)
TXLib [Ver: 00173a, Rev: 173, Date: 2024-06-23 22:37:05 +0400]
Copyright (C) Ded (Ilya Dedinsky, http://txlib.ru) <mail@txlib.ru>
See license on: http://txlib.ru

TXLib file:	c:\codeblocks\codeblocks\mingw\include\txlib.h
Compiled:	Apr 17 2025 09:53:48, GNU g++ 4.8.1, std=201103L, MinGW Runtime 3.20, 32-bit, DEBUG
Started:	Apr 17 2025 09:54:06

Run file:	C:\Шлёнкин Матвей\Platformo\Platformo\bin\Debug\Platformo.exe
Directory:	C:\Шлёнкин Матвей\Platformo\Platformo

--------------------------------------------------

--------------------------------------------------
TXLib сообщает:

Программа: C:\Шлёнкин Матвей\Platformo\Platformo\bin\Debug\Platformo.exe, файл: c:\codeblocks\codeblocks\mingw\include\txlib.h, строка: 13772, функция: bool {anonymous}::TX::txTransparentBlt(HDC, double, double, double, double, HDC, double, double, COLORREF),

Сообщение: Прямоугольник копируемой области {50, 0, 300, 50} не полностью лежит внутри изображения-источника {0, 0, 250, 50}, функция txTransparentBlt() работать не будет.

#1: TXLib [Ver: 00173a, Rev: 173, Date: 2024-06-23 22:37:05 +0400], Instance: 0x005092FC (32-bit), Flags: CMdRe0, Thread: 0x2D84 (Main), GetLastError(): 13 (Недопустимые данные). 
From: c:\codeblocks\codeblocks\mingw\include\txlib.h:13771 bool {anonymous}::TX::txTransparentBlt(HDC, double, double, double, double, HDC, double, double, COLORREF).

--------------------------------------------------
Стек вызовов:



--------------------------------------------------
Стек вызовов TX:

# 0 in bool {anonymous}::TX::txTransparentBlt(HDC, double, double, double, double, HDC, double, double, COLORREF) at c:\codeblocks\codeblocks\mingw\include\txlib.h:13771:

  13769:         {
  13770: $       SetLastError (ERROR_INVALID_DATA);
=>13771: $       TX_ERROR ("Прямоугольник копируемой области {%g, %g, %g, %g} не полностью лежит внутри изображения-источника {%d, %d, %d, %d}, "
  13772:                   "функция txTransparentBlt() работать не будет.", xSource, ySource, xSource + width, ySource + height, 0, 0, (int) size.x, (int) size.y);
  13773:         }

# 1 in void Vrag1::draw() at C:\Шлёнкин Матвей\Platformo\Platformo\main.cpp:69:

     67: void draw()
     68:      {
=>   69:      txTransparentBlt(txDC(),x,y,w,h,image,50*n_cadr,0,TX_WHITE);
     70: 
     71:      }

--------------------------------------------------
Developed with:

The Dumb Artist Library (TX Library)
TXLib [Ver: 00173a, Rev: 173, Date: 2024-06-23 22:37:05 +0400]
Copyright (C) Ded (Ilya Dedinsky, http://txlib.ru) <mail@txlib.ru>
See license on: http://txlib.ru

TXLib file:	c:\codeblocks\codeblocks\mingw\include\txlib.h
Compiled:	Apr 17 2025 09:55:01, GNU g++ 4.8.1, std=201103L, MinGW Runtime 3.20, 32-bit, DEBUG
Started:	Apr 17 2025 09:55:19

Run file:	C:\Шлёнкин Матвей\Platformo\Platformo\bin\Debug\Platformo.exe
Directory:	C:\Шлёнкин Матвей\Platformo\Platformo

--------------------------------------------------

--------------------------------------------------
TXLib сообщает:

Программа: C:\Шлёнкин Матвей\Platformo\Platformo\bin\Debug\Platformo.exe, файл: c:\codeblocks\codeblocks\mingw\include\txlib.h, строка: 13772, функция: bool {anonymous}::TX::txTransparentBlt(HDC, double, double, double, double, HDC, double, double, COLORREF),

Сообщение: Прямоугольник копируемой области {50, 0, 300, 50} не полностью лежит внутри изображения-источника {0, 0, 250, 50}, функция txTransparentBlt() работать не будет.

#1: TXLib [Ver: 00173a, Rev: 173, Date: 2024-06-23 22:37:05 +0400], Instance: 0x005092FC (32-bit), Flags: CMdRe0, Thread: 0x34E4 (Main), GetLastError(): 13 (Недопустимые данные). 
From: c:\codeblocks\codeblocks\mingw\include\txlib.h:13771 bool {anonymous}::TX::txTransparentBlt(HDC, double, double, double, double, HDC, double, double, COLORREF).

--------------------------------------------------
Стек вызовов:



--------------------------------------------------
Стек вызовов TX:

# 0 in bool {anonymous}::TX::txTransparentBlt(HDC, double, double, double, double, HDC, double, double, COLORREF) at c:\codeblocks\codeblocks\mingw\include\txlib.h:13771:

  13769:         {
  13770: $       SetLastError (ERROR_INVALID_DATA);
=>13771: $       TX_ERROR ("Прямоугольник копируемой области {%g, %g, %g, %g} не полностью лежит внутри изображения-источника {%d, %d, %d, %d}, "
  13772:                   "функция txTransparentBlt() работать не будет.", xSource, ySource, xSource + width, ySource + height, 0, 0, (int) size.x, (int) size.y);
  13773:         }

# 1 in void Vrag1::draw() at C:\Шлёнкин Матвей\Platformo\Platformo\main.cpp:69:

     67: void draw()
     68:      {
=>   69:      txTransparentBlt(txDC(),x,y,w,h,image,50*n_cadr,0,TX_WHITE);
     70: 
     71:      }

--------------------------------------------------
Developed with:

The Dumb Artist Library (TX Library)
TXLib [Ver: 00173a, Rev: 173, Date: 2024-06-23 22:37:05 +0400]
Copyright (C) Ded (Ilya Dedinsky, http://txlib.ru) <mail@txlib.ru>
See license on: http://txlib.ru

TXLib file:	c:\codeblocks\codeblocks\mingw\include\txlib.h
Compiled:	Apr 17 2025 10:01:26, GNU g++ 4.8.1, std=201103L, MinGW Runtime 3.20, 32-bit, DEBUG
Started:	Apr 17 2025 10:01:47

Run file:	C:\Шлёнкин Матвей\Platformo\Platformo\bin\Debug\Platformo.exe
Directory:	C:\Шлёнкин Матвей\Platformo\Platformo

--------------------------------------------------

--------------------------------------------------
TXLib сообщает:

Программа: C:\Шлёнкин Матвей\Platformo\Platformo\bin\Debug\Platformo.exe, файл: c:\codeblocks\codeblocks\mingw\include\txlib.h, строка: 13772, функция: bool {anonymous}::TX::txTransparentBlt(HDC, double, double, double, double, HDC, double, double, COLORREF),

Сообщение: Прямоугольник копируемой области {100, 0, 350, 50} не полностью лежит внутри изображения-источника {0, 0, 250, 50}, функция txTransparentBlt() работать не будет.

#2: TXLib [Ver: 00173a, Rev: 173, Date: 2024-06-23 22:37:05 +0400], Instance: 0x005092FC (32-bit), Flags: CMdRe0, Thread: 0x34E4 (Main), GetLastError(): 13 (Недопустимые данные). 
From: c:\codeblocks\codeblocks\mingw\include\txlib.h:13771 bool {anonymous}::TX::txTransparentBlt(HDC, double, double, double, double, HDC, double, double, COLORREF).

--------------------------------------------------
Стек вызовов:



--------------------------------------------------
Стек вызовов TX:

# 0 in bool {anonymous}::TX::txTransparentBlt(HDC, double, double, double, double, HDC, double, double, COLORREF) at c:\codeblocks\codeblocks\mingw\include\txlib.h:13771:

  13769:         {
  13770: $       SetLastError (ERROR_INVALID_DATA);
=>13771: $       TX_ERROR ("Прямоугольник копируемой области {%g, %g, %g, %g} не полностью лежит внутри изображения-источника {%d, %d, %d, %d}, "
  13772:                   "функция txTransparentBlt() работать не будет.", xSource, ySource, xSource + width, ySource + height, 0, 0, (int) size.x, (int) size.y);
  13773:         }

# 1 in void Vrag1::draw() at C:\Шлёнкин Матвей\Platformo\Platformo\main.cpp:69:

     67: void draw()
     68:      {
=>   69:      txTransparentBlt(txDC(),x,y,w,h,image,50*n_cadr,0,TX_WHITE);
     70: 
     71:      }

--------------------------------------------------
Developed with:

The Dumb Artist Library (TX Library)
TXLib [Ver: 00173a, Rev: 173, Date: 2024-06-23 22:37:05 +0400]
Copyright (C) Ded (Ilya Dedinsky, http://txlib.ru) <mail@txlib.ru>
See license on: http://txlib.ru

TXLib file:	c:\codeblocks\codeblocks\mingw\include\txlib.h
Compiled:	Apr 17 2025 10:01:26, GNU g++ 4.8.1, std=201103L, MinGW Runtime 3.20, 32-bit, DEBUG
Started:	Apr 17 2025 10:01:48

Run file:	C:\Шлёнкин Матвей\Platformo\Platformo\bin\Debug\Platformo.exe
Directory:	C:\Шлёнкин Матвей\Platformo\Platformo

--------------------------------------------------

--------------------------------------------------
TXLib сообщает:

Программа: C:\Шлёнкин Матвей\Platformo\Platformo\bin\Debug\Platformo.exe, файл: c:\codeblocks\codeblocks\mingw\include\txlib.h, строка: 13772, функция: bool {anonymous}::TX::txTransparentBlt(HDC, double, double, double, double, HDC, double, double, COLORREF),

Сообщение: Прямоугольник копируемой области {150, 0, 300, 50} не полностью лежит внутри изображения-источника {0, 0, 250, 50}, функция txTransparentBlt() работать не будет.

#1: TXLib [Ver: 00173a, Rev: 173, Date: 2024-06-23 22:37:05 +0400], Instance: 0x005092FC (32-bit), Flags: CMdRe0, Thread: 0x195C (Main), GetLastError(): 13 (Недопустимые данные). 
From: c:\codeblocks\codeblocks\mingw\include\txlib.h:13771 bool {anonymous}::TX::txTransparentBlt(HDC, double, double, double, double, HDC, double, double, COLORREF).

--------------------------------------------------
Стек вызовов:



--------------------------------------------------
Стек вызовов TX:

# 0 in bool {anonymous}::TX::txTransparentBlt(HDC, double, double, double, double, HDC, double, double, COLORREF) at c:\codeblocks\codeblocks\mingw\include\txlib.h:13771:

  13769:         {
  13770: $       SetLastError (ERROR_INVALID_DATA);
=>13771: $       TX_ERROR ("Прямоугольник копируемой области {%g, %g, %g, %g} не полностью лежит внутри изображения-источника {%d, %d, %d, %d}, "
  13772:                   "функция txTransparentBlt() работать не будет.", xSource, ySource, xSource + width, ySource + height, 0, 0, (int) size.x, (int) size.y);
  13773:         }

# 1 in void Vrag1::draw() at C:\Шлёнкин Матвей\Platformo\Platformo\main.cpp:69:

     67: void draw()
     68:      {
=>   69:      txTransparentBlt(txDC(),x,y,w,h,image,50*n_cadr,0,TX_WHITE);
     70: 
     71:      }

--------------------------------------------------
Developed with:

The Dumb Artist Library (TX Library)
TXLib [Ver: 00173a, Rev: 173, Date: 2024-06-23 22:37:05 +0400]
Copyright (C) Ded (Ilya Dedinsky, http://txlib.ru) <mail@txlib.ru>
See license on: http://txlib.ru

TXLib file:	c:\codeblocks\codeblocks\mingw\include\txlib.h
Compiled:	Apr 17 2025 10:04:02, GNU g++ 4.8.1, std=201103L, MinGW Runtime 3.20, 32-bit, DEBUG
Started:	Apr 17 2025 10:04:34

Run file:	C:\Шлёнкин Матвей\Platformo\Platformo\bin\Debug\Platformo.exe
Directory:	C:\Шлёнкин Матвей\Platformo\Platformo

--------------------------------------------------

--------------------------------------------------
TXLib сообщает:

Программа: C:\Шлёнкин Матвей\Platformo\Platformo\bin\Debug\Platformo.exe, файл: c:\codeblocks\codeblocks\mingw\include\txlib.h, строка: 13772, функция: bool {anonymous}::TX::txTransparentBlt(HDC, double, double, double, double, HDC, double, double, COLORREF),

Сообщение: Прямоугольник копируемой области {200, 0, 350, 50} не полностью лежит внутри изображения-источника {0, 0, 250, 50}, функция txTransparentBlt() работать не будет.

#2: TXLib [Ver: 00173a, Rev: 173, Date: 2024-06-23 22:37:05 +0400], Instance: 0x005092FC (32-bit), Flags: CMdRe0, Thread: 0x195C (Main), GetLastError(): 13 (Недопустимые данные). 
From: c:\codeblocks\codeblocks\mingw\include\txlib.h:13771 bool {anonymous}::TX::txTransparentBlt(HDC, double, double, double, double, HDC, double, double, COLORREF).

--------------------------------------------------
Стек вызовов:



--------------------------------------------------
Стек вызовов TX:

# 0 in bool {anonymous}::TX::txTransparentBlt(HDC, double, double, double, double, HDC, double, double, COLORREF) at c:\codeblocks\codeblocks\mingw\include\txlib.h:13771:

  13769:         {
  13770: $       SetLastError (ERROR_INVALID_DATA);
=>13771: $       TX_ERROR ("Прямоугольник копируемой области {%g, %g, %g, %g} не полностью лежит внутри изображения-источника {%d, %d, %d, %d}, "
  13772:                   "функция txTransparentBlt() работать не будет.", xSource, ySource, xSource + width, ySource + height, 0, 0, (int) size.x, (int) size.y);
  13773:         }

# 1 in void Vrag1::draw() at C:\Шлёнкин Матвей\Platformo\Platformo\main.cpp:69:

     67: void draw()
     68:      {
=>   69:      txTransparentBlt(txDC(),x,y,w,h,image,50*n_cadr,0,TX_WHITE);
     70: 
     71:      }

--------------------------------------------------
Developed with:

The Dumb Artist Library (TX Library)
TXLib [Ver: 00173a, Rev: 173, Date: 2024-06-23 22:37:05 +0400]
Copyright (C) Ded (Ilya Dedinsky, http://txlib.ru) <mail@txlib.ru>
See license on: http://txlib.ru

TXLib file:	c:\codeblocks\codeblocks\mingw\include\txlib.h
Compiled:	Apr 17 2025 10:04:02, GNU g++ 4.8.1, std=201103L, MinGW Runtime 3.20, 32-bit, DEBUG
Started:	Apr 17 2025 10:04:34

Run file:	C:\Шлёнкин Матвей\Platformo\Platformo\bin\Debug\Platformo.exe
Directory:	C:\Шлёнкин Матвей\Platformo\Platformo

--------------------------------------------------

--------------------------------------------------
TXLib сообщает:

Программа: C:\Шлёнкин Матвей\Platformo\Platformo\bin\Debug\Platformo.exe, файл: c:\codeblocks\codeblocks\mingw\include\txlib.h, строка: 13772, функция: bool {anonymous}::TX::txTransparentBlt(HDC, double, double, double, double, HDC, double, double, COLORREF),

Сообщение: Прямоугольник копируемой области {50, 0, 300, 50} не полностью лежит внутри изображения-источника {0, 0, 250, 50}, функция txTransparentBlt() работать не будет.

#1: TXLib [Ver: 00173a, Rev: 173, Date: 2024-06-23 22:37:05 +0400], Instance: 0x005092FC (32-bit), Flags: CMdRe0, Thread: 0x28D4 (Main), GetLastError(): 13 (Недопустимые данные). 
From: c:\codeblocks\codeblocks\mingw\include\txlib.h:13771 bool {anonymous}::TX::txTransparentBlt(HDC, double, double, double, double, HDC, double, double, COLORREF).

--------------------------------------------------
Стек вызовов:



--------------------------------------------------
Стек вызовов TX:

# 0 in bool {anonymous}::TX::txTransparentBlt(HDC, double, double, double, double, HDC, double, double, COLORREF) at c:\codeblocks\codeblocks\mingw\include\txlib.h:13771:

  13769:         {
  13770: $       SetLastError (ERROR_INVALID_DATA);
=>13771: $       TX_ERROR ("Прямоугольник копируемой области {%g, %g, %g, %g} не полностью лежит внутри изображения-источника {%d, %d, %d, %d}, "
  13772:                   "функция txTransparentBlt() работать не будет.", xSource, ySource, xSource + width, ySource + height, 0, 0, (int) size.x, (int) size.y);
  13773:         }

# 1 in void Vrag1::draw() at C:\Шлёнкин Матвей\Platformo\Platformo\main.cpp:69:

     67: void draw()
     68:      {
=>   69:      txTransparentBlt(txDC(),x,y,w,h,image,50*n_cadr,0,TX_WHITE);
     70: 
     71:      }

--------------------------------------------------
Developed with:

The Dumb Artist Library (TX Library)
TXLib [Ver: 00173a, Rev: 173, Date: 2024-06-23 22:37:05 +0400]
Copyright (C) Ded (Ilya Dedinsky, http://txlib.ru) <mail@txlib.ru>
See license on: http://txlib.ru

TXLib file:	c:\codeblocks\codeblocks\mingw\include\txlib.h
Compiled:	Apr 17 2025 10:06:17, GNU g++ 4.8.1, std=201103L, MinGW Runtime 3.20, 32-bit, DEBUG
Started:	Apr 17 2025 10:06:37

Run file:	C:\Шлёнкин Матвей\Platformo\Platformo\bin\Debug\Platformo.exe
Directory:	C:\Шлёнкин Матвей\Platformo\Platformo

--------------------------------------------------

--------------------------------------------------
TXLib сообщает:

Программа: C:\Шлёнкин Матвей\Platformo\Platformo\bin\Debug\Platformo.exe, файл: c:\codeblocks\codeblocks\mingw\include\txlib.h, строка: 13772, функция: bool {anonymous}::TX::txTransparentBlt(HDC, double, double, double, double, HDC, double, double, COLORREF),

Сообщение: Прямоугольник копируемой области {50, 0, 300, 50} не полностью лежит внутри изображения-источника {0, 0, 250, 50}, функция txTransparentBlt() работать не будет.

#1: TXLib [Ver: 00173a, Rev: 173, Date: 2024-06-23 22:37:05 +0400], Instance: 0x005092FC (32-bit), Flags: CMdRe0, Thread: 0x1EE4 (Main), GetLastError(): 13 (Недопустимые данные). 
From: c:\codeblocks\codeblocks\mingw\include\txlib.h:13771 bool {anonymous}::TX::txTransparentBlt(HDC, double, double, double, double, HDC, double, double, COLORREF).

--------------------------------------------------
Стек вызовов:



--------------------------------------------------
Стек вызовов TX:

# 0 in bool {anonymous}::TX::txTransparentBlt(HDC, double, double, double, double, HDC, double, double, COLORREF) at c:\codeblocks\codeblocks\mingw\include\txlib.h:13771:

  13769:         {
  13770: $       SetLastError (ERROR_INVALID_DATA);
=>13771: $       TX_ERROR ("Прямоугольник копируемой области {%g, %g, %g, %g} не полностью лежит внутри изображения-источника {%d, %d, %d, %d}, "
  13772:                   "функция txTransparentBlt() работать не будет.", xSource, ySource, xSource + width, ySource + height, 0, 0, (int) size.x, (int) size.y);
  13773:         }

# 1 in void Vrag1::draw() at C:\Шлёнкин Матвей\Platformo\Platformo\main.cpp:69:

     67: void draw()
     68:      {
=>   69:      txTransparentBlt(txDC(),x,y,250,50,image,50*n_cadr,0,TX_WHITE);
     70: 
     71:      }

--------------------------------------------------
Developed with:

The Dumb Artist Library (TX Library)
TXLib [Ver: 00173a, Rev: 173, Date: 2024-06-23 22:37:05 +0400]
Copyright (C) Ded (Ilya Dedinsky, http://txlib.ru) <mail@txlib.ru>
See license on: http://txlib.ru

TXLib file:	c:\codeblocks\codeblocks\mingw\include\txlib.h
Compiled:	Apr 17 2025 10:08:39, GNU g++ 4.8.1, std=201103L, MinGW Runtime 3.20, 32-bit, DEBUG
Started:	Apr 17 2025 10:09:00

Run file:	C:\Шлёнкин Матвей\Platformo\Platformo\bin\Debug\Platformo.exe
Directory:	C:\Шлёнкин Матвей\Platformo\Platformo

--------------------------------------------------

--------------------------------------------------
TXLib сообщает:

Программа: C:\Шлёнкин Матвей\Platformo\Platformo\bin\Debug\Platformo.exe, файл: c:\codeblocks\codeblocks\mingw\include\txlib.h, строка: 13772, функция: bool {anonymous}::TX::txTransparentBlt(HDC, double, double, double, double, HDC, double, double, COLORREF),

Сообщение: Прямоугольник копируемой области {50, 0, 300, 50} не полностью лежит внутри изображения-источника {0, 0, 250, 50}, функция txTransparentBlt() работать не будет.

#1: TXLib [Ver: 00173a, Rev: 173, Date: 2024-06-23 22:37:05 +0400], Instance: 0x005092FC (32-bit), Flags: CMdRe0, Thread: 0x2D7C (Main), GetLastError(): 13 (Недопустимые данные). 
From: c:\codeblocks\codeblocks\mingw\include\txlib.h:13771 bool {anonymous}::TX::txTransparentBlt(HDC, double, double, double, double, HDC, double, double, COLORREF).

--------------------------------------------------
Стек вызовов:



--------------------------------------------------
Стек вызовов TX:

# 0 in bool {anonymous}::TX::txTransparentBlt(HDC, double, double, double, double, HDC, double, double, COLORREF) at c:\codeblocks\codeblocks\mingw\include\txlib.h:13771:

  13769:         {
  13770: $       SetLastError (ERROR_INVALID_DATA);
=>13771: $       TX_ERROR ("Прямоугольник копируемой области {%g, %g, %g, %g} не полностью лежит внутри изображения-источника {%d, %d, %d, %d}, "
  13772:                   "функция txTransparentBlt() работать не будет.", xSource, ySource, xSource + width, ySource + height, 0, 0, (int) size.x, (int) size.y);
  13773:         }

# 1 in void Vrag1::draw() at C:\Шлёнкин Матвей\Platformo\Platformo\main.cpp:69:

     67: void draw()
     68:      {
=>   69:      txTransparentBlt(txDC(),x,y,w,h,image,50*n_cadr,0,TX_WHITE);
     70: 
     71:      }

--------------------------------------------------
Developed with:

The Dumb Artist Library (TX Library)
TXLib [Ver: 00173a, Rev: 173, Date: 2024-06-23 22:37:05 +0400]
Copyright (C) Ded (Ilya Dedinsky, http://txlib.ru) <mail@txlib.ru>
See license on: http://txlib.ru

TXLib file:	c:\codeblocks\codeblocks\mingw\include\txlib.h
Compiled:	Apr 17 2025 10:11:21, GNU g++ 4.8.1, std=201103L, MinGW Runtime 3.20, 32-bit, DEBUG
Started:	Apr 17 2025 10:11:49

Run file:	C:\Шлёнкин Матвей\Platformo\Platformo\bin\Debug\Platformo.exe
Directory:	C:\Шлёнкин Матвей\Platformo\Platformo

--------------------------------------------------

--------------------------------------------------
TXLib сообщает:

Программа: C:\Шлёнкин Матвей\Platformo\Platformo\bin\Debug\Platformo.exe, файл: c:\codeblocks\codeblocks\mingw\include\txlib.h, строка: 13772, функция: bool {anonymous}::TX::txTransparentBlt(HDC, double, double, double, double, HDC, double, double, COLORREF),

Сообщение: Прямоугольник копируемой области {100, 0, 350, 50} не полностью лежит внутри изображения-источника {0, 0, 250, 50}, функция txTransparentBlt() работать не будет.

#2: TXLib [Ver: 00173a, Rev: 173, Date: 2024-06-23 22:37:05 +0400], Instance: 0x005092FC (32-bit), Flags: CMdRe0, Thread: 0x2D7C (Main), GetLastError(): 13 (Недопустимые данные). 
From: c:\codeblocks\codeblocks\mingw\include\txlib.h:13771 bool {anonymous}::TX::txTransparentBlt(HDC, double, double, double, double, HDC, double, double, COLORREF).

--------------------------------------------------
Стек вызовов:



--------------------------------------------------
Стек вызовов TX:

# 0 in bool {anonymous}::TX::txTransparentBlt(HDC, double, double, double, double, HDC, double, double, COLORREF) at c:\codeblocks\codeblocks\mingw\include\txlib.h:13771:

  13769:         {
  13770: $       SetLastError (ERROR_INVALID_DATA);
=>13771: $       TX_ERROR ("Прямоугольник копируемой области {%g, %g, %g, %g} не полностью лежит внутри изображения-источника {%d, %d, %d, %d}, "
  13772:                   "функция txTransparentBlt() работать не будет.", xSource, ySource, xSource + width, ySource + height, 0, 0, (int) size.x, (int) size.y);
  13773:         }

# 1 in void Vrag1::draw() at C:\Шлёнкин Матвей\Platformo\Platformo\main.cpp:69:

     67: void draw()
     68:      {
=>   69:      txTransparentBlt(txDC(),x,y,w,h,image,50*n_cadr,0,TX_WHITE);
     70: 
     71:      }

--------------------------------------------------
Developed with:

The Dumb Artist Library (TX Library)
TXLib [Ver: 00173a, Rev: 173, Date: 2024-06-23 22:37:05 +0400]
Copyright (C) Ded (Ilya Dedinsky, http://txlib.ru) <mail@txlib.ru>
See license on: http://txlib.ru

TXLib file:	c:\codeblocks\codeblocks\mingw\include\txlib.h
Compiled:	Apr 17 2025 10:11:21, GNU g++ 4.8.1, std=201103L, MinGW Runtime 3.20, 32-bit, DEBUG
Started:	Apr 17 2025 10:11:49

Run file:	C:\Шлёнкин Матвей\Platformo\Platformo\bin\Debug\Platformo.exe
Directory:	C:\Шлёнкин Матвей\Platformo\Platformo

--------------------------------------------------

--------------------------------------------------
TXLib сообщает:

Программа: C:\Шлёнкин Матвей\Platformo\Platformo\bin\Debug\Platformo.exe, файл: c:\codeblocks\codeblocks\mingw\include\txlib.h, строка: 13772, функция: bool {anonymous}::TX::txTransparentBlt(HDC, double, double, double, double, HDC, double, double, COLORREF),

Сообщение: Прямоугольник копируемой области {150, 0, 400, 50} не полностью лежит внутри изображения-источника {0, 0, 250, 50}, функция txTransparentBlt() работать не будет.

#3: TXLib [Ver: 00173a, Rev: 173, Date: 2024-06-23 22:37:05 +0400], Instance: 0x005092FC (32-bit), Flags: CMdRe0, Thread: 0x2D7C (Main), GetLastError(): 13 (Недопустимые данные). 
From: c:\codeblocks\codeblocks\mingw\include\txlib.h:13771 bool {anonymous}::TX::txTransparentBlt(HDC, double, double, double, double, HDC, double, double, COLORREF).

--------------------------------------------------
Стек вызовов:



--------------------------------------------------
Стек вызовов TX:

# 0 in bool {anonymous}::TX::txTransparentBlt(HDC, double, double, double, double, HDC, double, double, COLORREF) at c:\codeblocks\codeblocks\mingw\include\txlib.h:13771:

  13769:         {
  13770: $       SetLastError (ERROR_INVALID_DATA);
=>13771: $       TX_ERROR ("Прямоугольник копируемой области {%g, %g, %g, %g} не полностью лежит внутри изображения-источника {%d, %d, %d, %d}, "
  13772:                   "функция txTransparentBlt() работать не будет.", xSource, ySource, xSource + width, ySource + height, 0, 0, (int) size.x, (int) size.y);
  13773:         }

# 1 in void Vrag1::draw() at C:\Шлёнкин Матвей\Platformo\Platformo\main.cpp:69:

     67: void draw()
     68:      {
=>   69:      txTransparentBlt(txDC(),x,y,w,h,image,50*n_cadr,0,TX_WHITE);
     70: 
     71:      }

--------------------------------------------------
Developed with:

The Dumb Artist Library (TX Library)
TXLib [Ver: 00173a, Rev: 173, Date: 2024-06-23 22:37:05 +0400]
Copyright (C) Ded (Ilya Dedinsky, http://txlib.ru) <mail@txlib.ru>
See license on: http://txlib.ru

TXLib file:	c:\codeblocks\codeblocks\mingw\include\txlib.h
Compiled:	Apr 17 2025 10:11:21, GNU g++ 4.8.1, std=201103L, MinGW Runtime 3.20, 32-bit, DEBUG
Started:	Apr 17 2025 10:11:49

Run file:	C:\Шлёнкин Матвей\Platformo\Platformo\bin\Debug\Platformo.exe
Directory:	C:\Шлёнкин Матвей\Platformo\Platformo

--------------------------------------------------

--------------------------------------------------
TXLib сообщает:

Программа: C:\Шлёнкин Матвей\Platformo\Platformo\bin\Debug\Platformo.exe, файл: c:\codeblocks\codeblocks\mingw\include\txlib.h, строка: 13772, функция: bool {anonymous}::TX::txTransparentBlt(HDC, double, double, double, double, HDC, double, double, COLORREF),

Сообщение: Прямоугольник копируемой области {200, 0, 450, 50} не полностью лежит внутри изображения-источника {0, 0, 250, 50}, функция txTransparentBlt() работать не будет.

#4: TXLib [Ver: 00173a, Rev: 173, Date: 2024-06-23 22:37:05 +0400], Instance: 0x005092FC (32-bit), Flags: CMdRe0, Thread: 0x2D7C (Main), GetLastError(): 13 (Недопустимые данные). 
From: c:\codeblocks\codeblocks\mingw\include\txlib.h:13771 bool {anonymous}::TX::txTransparentBlt(HDC, double, double, double, double, HDC, double, double, COLORREF).

--------------------------------------------------
Стек вызовов:



--------------------------------------------------
Стек вызовов TX:

# 0 in bool {anonymous}::TX::txTransparentBlt(HDC, double, double, double, double, HDC, double, double, COLORREF) at c:\codeblocks\codeblocks\mingw\include\txlib.h:13771:

  13769:         {
  13770: $       SetLastError (ERROR_INVALID_DATA);
=>13771: $       TX_ERROR ("Прямоугольник копируемой области {%g, %g, %g, %g} не полностью лежит внутри изображения-источника {%d, %d, %d, %d}, "
  13772:                   "функция txTransparentBlt() работать не будет.", xSource, ySource, xSource + width, ySource + height, 0, 0, (int) size.x, (int) size.y);
  13773:         }

# 1 in void Vrag1::draw() at C:\Шлёнкин Матвей\Platformo\Platformo\main.cpp:69:

     67: void draw()
     68:      {
=>   69:      txTransparentBlt(txDC(),x,y,w,h,image,50*n_cadr,0,TX_WHITE);
     70: 
     71:      }

--------------------------------------------------
Developed with:

The Dumb Artist Library (TX Library)
TXLib [Ver: 00173a, Rev: 173, Date: 2024-06-23 22:37:05 +0400]
Copyright (C) Ded (Ilya Dedinsky, http://txlib.ru) <mail@txlib.ru>
See license on: http://txlib.ru

TXLib file:	c:\codeblocks\codeblocks\mingw\include\txlib.h
Compiled:	Apr 17 2025 10:11:21, GNU g++ 4.8.1, std=201103L, MinGW Runtime 3.20, 32-bit, DEBUG
Started:	Apr 17 2025 10:11:49

Run file:	C:\Шлёнкин Матвей\Platformo\Platformo\bin\Debug\Platformo.exe
Directory:	C:\Шлёнкин Матвей\Platformo\Platformo

--------------------------------------------------

--------------------------------------------------
TXLib сообщает:

Программа: C:\Шлёнкин Матвей\Platformo\Platformo\bin\Debug\Platformo.exe, файл: c:\codeblocks\codeblocks\mingw\include\txlib.h, строка: 13772, функция: bool {anonymous}::TX::txTransparentBlt(HDC, double, double, double, double, HDC, double, double, COLORREF),

Сообщение: Прямоугольник копируемой области {50, 0, 300, 50} не полностью лежит внутри изображения-источника {0, 0, 250, 50}, функция txTransparentBlt() работать не будет.

#5: TXLib [Ver: 00173a, Rev: 173, Date: 2024-06-23 22:37:05 +0400], Instance: 0x005092FC (32-bit), Flags: CMdRe0, Thread: 0x2D7C (Main), GetLastError(): 13 (Недопустимые данные). 
From: c:\codeblocks\codeblocks\mingw\include\txlib.h:13771 bool {anonymous}::TX::txTransparentBlt(HDC, double, double, double, double, HDC, double, double, COLORREF).

--------------------------------------------------
Стек вызовов:



--------------------------------------------------
Стек вызовов TX:

# 0 in bool {anonymous}::TX::txTransparentBlt(HDC, double, double, double, double, HDC, double, double, COLORREF) at c:\codeblocks\codeblocks\mingw\include\txlib.h:13771:

  13769:         {
  13770: $       SetLastError (ERROR_INVALID_DATA);
=>13771: $       TX_ERROR ("Прямоугольник копируемой области {%g, %g, %g, %g} не полностью лежит внутри изображения-источника {%d, %d, %d, %d}, "
  13772:                   "функция txTransparentBlt() работать не будет.", xSource, ySource, xSource + width, ySource + height, 0, 0, (int) size.x, (int) size.y);
  13773:         }

# 1 in void Vrag1::draw() at C:\Шлёнкин Матвей\Platformo\Platformo\main.cpp:69:

     67: void draw()
     68:      {
=>   69:      txTransparentBlt(txDC(),x,y,w,h,image,50*n_cadr,0,TX_WHITE);
     70: 
     71:      }

--------------------------------------------------
Developed with:

The Dumb Artist Library (TX Library)
TXLib [Ver: 00173a, Rev: 173, Date: 2024-06-23 22:37:05 +0400]
Copyright (C) Ded (Ilya Dedinsky, http://txlib.ru) <mail@txlib.ru>
See license on: http://txlib.ru

TXLib file:	c:\codeblocks\codeblocks\mingw\include\txlib.h
Compiled:	Apr 17 2025 10:11:21, GNU g++ 4.8.1, std=201103L, MinGW Runtime 3.20, 32-bit, DEBUG
Started:	Apr 17 2025 10:11:49

Run file:	C:\Шлёнкин Матвей\Platformo\Platformo\bin\Debug\Platformo.exe
Directory:	C:\Шлёнкин Матвей\Platformo\Platformo

--------------------------------------------------

--------------------------------------------------
TXLib сообщает:

Программа: C:\Шлёнкин Матвей\Platformo\Platformo\bin\Debug\Platformo.exe, файл: c:\codeblocks\codeblocks\mingw\include\txlib.h, строка: 13772, функция: bool {anonymous}::TX::txTransparentBlt(HDC, double, double, double, double, HDC, double, double, COLORREF),

Сообщение: Прямоугольник копируемой области {100, 0, 350, 50} не полностью лежит внутри изображения-источника {0, 0, 250, 50}, функция txTransparentBlt() работать не будет.

#6: TXLib [Ver: 00173a, Rev: 173, Date: 2024-06-23 22:37:05 +0400], Instance: 0x005092FC (32-bit), Flags: CMdRe0, Thread: 0x2D7C (Main), GetLastError(): 13 (Недопустимые данные). 
From: c:\codeblocks\codeblocks\mingw\include\txlib.h:13771 bool {anonymous}::TX::txTransparentBlt(HDC, double, double, double, double, HDC, double, double, COLORREF).

--------------------------------------------------
Стек вызовов:



--------------------------------------------------
Стек вызовов TX:

# 0 in bool {anonymous}::TX::txTransparentBlt(HDC, double, double, double, double, HDC, double, double, COLORREF) at c:\codeblocks\codeblocks\mingw\include\txlib.h:13771:

  13769:         {
  13770: $       SetLastError (ERROR_INVALID_DATA);
=>13771: $       TX_ERROR ("Прямоугольник копируемой области {%g, %g, %g, %g} не полностью лежит внутри изображения-источника {%d, %d, %d, %d}, "
  13772:                   "функция txTransparentBlt() работать не будет.", xSource, ySource, xSource + width, ySource + height, 0, 0, (int) size.x, (int) size.y);
  13773:         }

# 1 in void Vrag1::draw() at C:\Шлёнкин Матвей\Platformo\Platformo\main.cpp:69:

     67: void draw()
     68:      {
=>   69:      txTransparentBlt(txDC(),x,y,w,h,image,50*n_cadr,0,TX_WHITE);
     70: 
     71:      }

--------------------------------------------------
Developed with:

The Dumb Artist Library (TX Library)
TXLib [Ver: 00173a, Rev: 173, Date: 2024-06-23 22:37:05 +0400]
Copyright (C) Ded (Ilya Dedinsky, http://txlib.ru) <mail@txlib.ru>
See license on: http://txlib.ru

TXLib file:	c:\codeblocks\codeblocks\mingw\include\txlib.h
Compiled:	Apr 17 2025 10:11:21, GNU g++ 4.8.1, std=201103L, MinGW Runtime 3.20, 32-bit, DEBUG
Started:	Apr 17 2025 10:11:49

Run file:	C:\Шлёнкин Матвей\Platformo\Platformo\bin\Debug\Platformo.exe
Directory:	C:\Шлёнкин Матвей\Platformo\Platformo

--------------------------------------------------

--------------------------------------------------
TXLib сообщает:

Программа: C:\Шлёнкин Матвей\Platformo\Platformo\bin\Debug\Platformo.exe, файл: c:\codeblocks\codeblocks\mingw\include\txlib.h, строка: 13772, функция: bool {anonymous}::TX::txTransparentBlt(HDC, double, double, double, double, HDC, double, double, COLORREF),

Сообщение: Прямоугольник копируемой области {150, 0, 400, 50} не полностью лежит внутри изображения-источника {0, 0, 250, 50}, функция txTransparentBlt() работать не будет.

#7: TXLib [Ver: 00173a, Rev: 173, Date: 2024-06-23 22:37:05 +0400], Instance: 0x005092FC (32-bit), Flags: CMdRe0, Thread: 0x2D7C (Main), GetLastError(): 13 (Недопустимые данные). 
From: c:\codeblocks\codeblocks\mingw\include\txlib.h:13771 bool {anonymous}::TX::txTransparentBlt(HDC, double, double, double, double, HDC, double, double, COLORREF).

--------------------------------------------------
Стек вызовов:



--------------------------------------------------
Стек вызовов TX:

# 0 in bool {anonymous}::TX::txTransparentBlt(HDC, double, double, double, double, HDC, double, double, COLORREF) at c:\codeblocks\codeblocks\mingw\include\txlib.h:13771:

  13769:         {
  13770: $       SetLastError (ERROR_INVALID_DATA);
=>13771: $       TX_ERROR ("Прямоугольник копируемой области {%g, %g, %g, %g} не полностью лежит внутри изображения-источника {%d, %d, %d, %d}, "
  13772:                   "функция txTransparentBlt() работать не будет.", xSource, ySource, xSource + width, ySource + height, 0, 0, (int) size.x, (int) size.y);
  13773:         }

# 1 in void Vrag1::draw() at C:\Шлёнкин Матвей\Platformo\Platformo\main.cpp:69:

     67: void draw()
     68:      {
=>   69:      txTransparentBlt(txDC(),x,y,w,h,image,50*n_cadr,0,TX_WHITE);
     70: 
     71:      }

--------------------------------------------------
Developed with:

The Dumb Artist Library (TX Library)
TXLib [Ver: 00173a, Rev: 173, Date: 2024-06-23 22:37:05 +0400]
Copyright (C) Ded (Ilya Dedinsky, http://txlib.ru) <mail@txlib.ru>
See license on: http://txlib.ru

TXLib file:	c:\codeblocks\codeblocks\mingw\include\txlib.h
Compiled:	Apr 17 2025 10:11:21, GNU g++ 4.8.1, std=201103L, MinGW Runtime 3.20, 32-bit, DEBUG
Started:	Apr 17 2025 10:11:49

Run file:	C:\Шлёнкин Матвей\Platformo\Platformo\bin\Debug\Platformo.exe
Directory:	C:\Шлёнкин Матвей\Platformo\Platformo

--------------------------------------------------

--------------------------------------------------
TXLib сообщает:

Программа: C:\Шлёнкин Матвей\Platformo\Platformo\bin\Debug\Platformo.exe, файл: c:\codeblocks\codeblocks\mingw\include\txlib.h, строка: 13772, функция: bool {anonymous}::TX::txTransparentBlt(HDC, double, double, double, double, HDC, double, double, COLORREF),

Сообщение: Прямоугольник копируемой области {200, 0, 450, 50} не полностью лежит внутри изображения-источника {0, 0, 250, 50}, функция txTransparentBlt() работать не будет.

#8: TXLib [Ver: 00173a, Rev: 173, Date: 2024-06-23 22:37:05 +0400], Instance: 0x005092FC (32-bit), Flags: CMdRe0, Thread: 0x2D7C (Main), GetLastError(): 13 (Недопустимые данные). 
From: c:\codeblocks\codeblocks\mingw\include\txlib.h:13771 bool {anonymous}::TX::txTransparentBlt(HDC, double, double, double, double, HDC, double, double, COLORREF).

--------------------------------------------------
Стек вызовов:



--------------------------------------------------
Стек вызовов TX:

# 0 in bool {anonymous}::TX::txTransparentBlt(HDC, double, double, double, double, HDC, double, double, COLORREF) at c:\codeblocks\codeblocks\mingw\include\txlib.h:13771:

  13769:         {
  13770: $       SetLastError (ERROR_INVALID_DATA);
=>13771: $       TX_ERROR ("Прямоугольник копируемой области {%g, %g, %g, %g} не полностью лежит внутри изображения-источника {%d, %d, %d, %d}, "
  13772:                   "функция txTransparentBlt() работать не будет.", xSource, ySource, xSource + width, ySource + height, 0, 0, (int) size.x, (int) size.y);
  13773:         }

# 1 in void Vrag1::draw() at C:\Шлёнкин Матвей\Platformo\Platformo\main.cpp:69:

     67: void draw()
     68:      {
=>   69:      txTransparentBlt(txDC(),x,y,w,h,image,50*n_cadr,0,TX_WHITE);
     70: 
     71:      }

--------------------------------------------------
Developed with:

The Dumb Artist Library (TX Library)
TXLib [Ver: 00173a, Rev: 173, Date: 2024-06-23 22:37:05 +0400]
Copyright (C) Ded (Ilya Dedinsky, http://txlib.ru) <mail@txlib.ru>
See license on: http://txlib.ru

TXLib file:	c:\codeblocks\codeblocks\mingw\include\txlib.h
Compiled:	Apr 17 2025 10:11:21, GNU g++ 4.8.1, std=201103L, MinGW Runtime 3.20, 32-bit, DEBUG
Started:	Apr 17 2025 10:11:50

Run file:	C:\Шлёнкин Матвей\Platformo\Platformo\bin\Debug\Platformo.exe
Directory:	C:\Шлёнкин Матвей\Platformo\Platformo

--------------------------------------------------

--------------------------------------------------
TXLib сообщает:

Программа: C:\Шлёнкин Матвей\Platformo\Platformo\bin\Debug\Platformo.exe, файл: c:\codeblocks\codeblocks\mingw\include\txlib.h, строка: 13772, функция: bool {anonymous}::TX::txTransparentBlt(HDC, double, double, double, double, HDC, double, double, COLORREF),

Сообщение: Прямоугольник копируемой области {50, 0, 300, 50} не полностью лежит внутри изображения-источника {0, 0, 250, 50}, функция txTransparentBlt() работать не будет.

#9: TXLib [Ver: 00173a, Rev: 173, Date: 2024-06-23 22:37:05 +0400], Instance: 0x005092FC (32-bit), Flags: CMdRe0, Thread: 0x2D7C (Main), GetLastError(): 13 (Недопустимые данные). 
From: c:\codeblocks\codeblocks\mingw\include\txlib.h:13771 bool {anonymous}::TX::txTransparentBlt(HDC, double, double, double, double, HDC, double, double, COLORREF).

--------------------------------------------------
Стек вызовов:



--------------------------------------------------
Стек вызовов TX:

# 0 in bool {anonymous}::TX::txTransparentBlt(HDC, double, double, double, double, HDC, double, double, COLORREF) at c:\codeblocks\codeblocks\mingw\include\txlib.h:13771:

  13769:         {
  13770: $       SetLastError (ERROR_INVALID_DATA);
=>13771: $       TX_ERROR ("Прямоугольник копируемой области {%g, %g, %g, %g} не полностью лежит внутри изображения-источника {%d, %d, %d, %d}, "
  13772:                   "функция txTransparentBlt() работать не будет.", xSource, ySource, xSource + width, ySource + height, 0, 0, (int) size.x, (int) size.y);
  13773:         }

# 1 in void Vrag1::draw() at C:\Шлёнкин Матвей\Platformo\Platformo\main.cpp:69:

     67: void draw()
     68:      {
=>   69:      txTransparentBlt(txDC(),x,y,w,h,image,50*n_cadr,0,TX_WHITE);
     70: 
     71:      }

--------------------------------------------------
Developed with:

The Dumb Artist Library (TX Library)
TXLib [Ver: 00173a, Rev: 173, Date: 2024-06-23 22:37:05 +0400]
Copyright (C) Ded (Ilya Dedinsky, http://txlib.ru) <mail@txlib.ru>
See license on: http://txlib.ru

TXLib file:	c:\codeblocks\codeblocks\mingw\include\txlib.h
Compiled:	Apr 17 2025 10:11:21, GNU g++ 4.8.1, std=201103L, MinGW Runtime 3.20, 32-bit, DEBUG
Started:	Apr 17 2025 10:11:49

Run file:	C:\Шлёнкин Матвей\Platformo\Platformo\bin\Debug\Platformo.exe
Directory:	C:\Шлёнкин Матвей\Platformo\Platformo

--------------------------------------------------

--------------------------------------------------
TXLib сообщает:

Программа: C:\Шлёнкин Матвей\Platformo\Platformo\bin\Debug\Platformo.exe, файл: c:\codeblocks\codeblocks\mingw\include\txlib.h, строка: 13772, функция: bool {anonymous}::TX::txTransparentBlt(HDC, double, double, double, double, HDC, double, double, COLORREF),

Сообщение: Прямоугольник копируемой области {50, 0, 300, 50} не полностью лежит внутри изображения-источника {0, 0, 250, 50}, функция txTransparentBlt() работать не будет.

#1: TXLib [Ver: 00173a, Rev: 173, Date: 2024-06-23 22:37:05 +0400], Instance: 0x005092FC (32-bit), Flags: CMdRe0, Thread: 0x2F14 (Main), GetLastError(): 13 (Недопустимые данные). 
From: c:\codeblocks\codeblocks\mingw\include\txlib.h:13771 bool {anonymous}::TX::txTransparentBlt(HDC, double, double, double, double, HDC, double, double, COLORREF).

--------------------------------------------------
Стек вызовов:



--------------------------------------------------
Стек вызовов TX:

# 0 in bool {anonymous}::TX::txTransparentBlt(HDC, double, double, double, double, HDC, double, double, COLORREF) at c:\codeblocks\codeblocks\mingw\include\txlib.h:13771:

  13769:         {
  13770: $       SetLastError (ERROR_INVALID_DATA);
=>13771: $       TX_ERROR ("Прямоугольник копируемой области {%g, %g, %g, %g} не полностью лежит внутри изображения-источника {%d, %d, %d, %d}, "
  13772:                   "функция txTransparentBlt() работать не будет.", xSource, ySource, xSource + width, ySource + height, 0, 0, (int) size.x, (int) size.y);
  13773:         }

# 1 in void Vrag1::draw() at C:\Шлёнкин Матвей\Platformo\Platformo\main.cpp:69:

     67: void draw()
     68:      {
=>   69:      txTransparentBlt(txDC(),x,y,w,h,image,50*n_cadr,0,TX_WHITE);
     70: 
     71:      }

--------------------------------------------------
Developed with:

The Dumb Artist Library (TX Library)
TXLib [Ver: 00173a, Rev: 173, Date: 2024-06-23 22:37:05 +0400]
Copyright (C) Ded (Ilya Dedinsky, http://txlib.ru) <mail@txlib.ru>
See license on: http://txlib.ru

TXLib file:	c:\codeblocks\codeblocks\mingw\include\txlib.h
Compiled:	Apr 17 2025 10:11:21, GNU g++ 4.8.1, std=201103L, MinGW Runtime 3.20, 32-bit, DEBUG
Started:	Apr 17 2025 10:14:04

Run file:	C:\Шлёнкин Матвей\Platformo\Platformo\bin\Debug\Platformo.exe
Directory:	C:\Шлёнкин Матвей\Platformo\Platformo

--------------------------------------------------
