
--------------------------------------------------
TXLib соболезнует...

Программа: C:\Шлёнкин Матвей\Platformo\bin\Release\Platformo.exe, файл: c:\codeblocks\codeblocks\mingw\include\txlib.h, строка: 13751, функция: bool {anonymous}::TX::txTransparentBlt(HDC, double, double, double, double, HDC, double, double, COLORREF),

Сообщение: Параметр "sourceImage" неверен. Возможно, этот холст не создан, или уже уничтожен, или не загрузилась картинка.

#1: TXLib [Ver: 00173a, Rev: 173, Date: 2024-06-23 22:37:05 +0400], Instance: 0x0051956C (32-bit), Flags: CMdRe0, Thread: 0x1D98 (Main), GetLastError(): 13 (Недопустимые данные). 

--------------------------------------------------
Стек вызовов:



--------------------------------------------------
Стек вызовов TX:

# 0 in bool {anonymous}::TX::txTransparentBlt(HDC, double, double, double, double, HDC, double, double, COLORREF) at c:\codeblocks\codeblocks\mingw\include\txlib.h:13751:

  13749: 
  13750: $1  if (_TX_HDC_FAILED (destImage))   return false;
=>13751: $   if (_TX_HDC_FAILED (sourceImage)) return false;
  13752: 
  13753:     // Это автоматическое определение размеров картинки (точнее, HDC источника - source) с помощью txGetExtent().

# 1 in void Player::draw() at C:\Шлёнкин Матвей\Platformo\main.cpp:51:

     49: void draw()
     50:      {
=>   51:      txTransparentBlt(txDC(),x,y,w,h,image,0,0,TX_WHITE);
     52: 
     53:      }

--------------------------------------------------
Developed with:

The Dumb Artist Library (TX Library)
TXLib [Ver: 00173a, Rev: 173, Date: 2024-06-23 22:37:05 +0400]
Copyright (C) Ded (Ilya Dedinsky, http://txlib.ru) <mail@txlib.ru>
See license on: http://txlib.ru

TXLib file:	c:\codeblocks\codeblocks\mingw\include\txlib.h
Compiled:	Feb  4 2025 09:30:29, GNU g++ 4.8.1, std=201103L, MinGW Runtime 3.20, 32-bit, DEBUG
Started:	Feb 04 2025 09:30:59

Run file:	C:\Шлёнкин Матвей\Platformo\bin\Release\Platformo.exe
Directory:	C:\Шлёнкин Матвей\Platformo

--------------------------------------------------

--------------------------------------------------
TXLib соболезнует...

Программа: C:\Шлёнкин Матвей\Platformo\bin\Release\Platformo.exe, файл: c:\codeblocks\codeblocks\mingw\include\txlib.h, строка: 13751, функция: bool {anonymous}::TX::txTransparentBlt(HDC, double, double, double, double, HDC, double, double, COLORREF),

Сообщение: Параметр "sourceImage" неверен. Возможно, этот холст не создан, или уже уничтожен, или не загрузилась картинка.

#1: TXLib [Ver: 00173a, Rev: 173, Date: 2024-06-23 22:37:05 +0400], Instance: 0x0051956C (32-bit), Flags: CMdRe0, Thread: 0xD7C (Main), GetLastError(): 13 (Недопустимые данные). 

--------------------------------------------------
Стек вызовов:



--------------------------------------------------
Стек вызовов TX:

# 0 in bool {anonymous}::TX::txTransparentBlt(HDC, double, double, double, double, HDC, double, double, COLORREF) at c:\codeblocks\codeblocks\mingw\include\txlib.h:13751:

  13749: 
  13750: $1  if (_TX_HDC_FAILED (destImage))   return false;
=>13751: $   if (_TX_HDC_FAILED (sourceImage)) return false;
  13752: 
  13753:     // Это автоматическое определение размеров картинки (точнее, HDC источника - source) с помощью txGetExtent().

# 1 in void Player::draw() at C:\Шлёнкин Матвей\Platformo\main.cpp:51:

     49: void draw()
     50:      {
=>   51:      txTransparentBlt(txDC(),x,y,w,h,image,0,0,TX_WHITE);
     52: 
     53:      }

--------------------------------------------------
Developed with:

The Dumb Artist Library (TX Library)
TXLib [Ver: 00173a, Rev: 173, Date: 2024-06-23 22:37:05 +0400]
Copyright (C) Ded (Ilya Dedinsky, http://txlib.ru) <mail@txlib.ru>
See license on: http://txlib.ru

TXLib file:	c:\codeblocks\codeblocks\mingw\include\txlib.h
Compiled:	Feb  4 2025 09:30:29, GNU g++ 4.8.1, std=201103L, MinGW Runtime 3.20, 32-bit, DEBUG
Started:	Feb 04 2025 09:32:46

Run file:	C:\Шлёнкин Матвей\Platformo\bin\Release\Platformo.exe
Directory:	C:\Шлёнкин Матвей\Platformo

--------------------------------------------------
